This is pdfTeX, Version 3.141592653-2.6-1.40.24 (TeX Live 2022) (preloaded format=pdflatex 2023.2.1)  28 APR 2026 14:39
entering extended mode
 restricted \write18 enabled.
 %&-line parsing enabled.
**paper_draft_coherent.tex
(./paper_draft_coherent.tex
LaTeX2e <2021-11-15> patch level 1
L3 programming layer <2022-02-24>
(/usr/local/texlive/2022/texmf-dist/tex/latex/base/article.cls
Document Class: article 2021/10/04 v1.4n Standard LaTeX document class
(/usr/local/texlive/2022/texmf-dist/tex/latex/base/size12.clo
File: size12.clo 2021/10/04 v1.4n Standard LaTeX file (size option)
)
\c@part=\count185
\c@section=\count186
\c@subsection=\count187
\c@subsubsection=\count188
\c@paragraph=\count189
\c@subparagraph=\count190
\c@figure=\count191
\c@table=\count192
\abovecaptionskip=\skip47
\belowcaptionskip=\skip48
\bibindent=\dimen138
)
(/usr/local/texlive/2022/texmf-dist/tex/latex/geometry/geometry.sty
Package: geometry 2020/01/02 v5.9 Page Geometry

(/usr/local/texlive/2022/texmf-dist/tex/latex/graphics/keyval.sty
Package: keyval 2014/10/28 v1.15 key=value parser (DPC)
\KV@toks@=\toks16
)
(/usr/local/texlive/2022/texmf-dist/tex/generic/iftex/ifvtex.sty
Package: ifvtex 2019/10/25 v1.7 ifvtex legacy package. Use iftex instead.

(/usr/local/texlive/2022/texmf-dist/tex/generic/iftex/iftex.sty
Package: iftex 2022/02/03 v1.0f TeX engine tests
))
\Gm@cnth=\count193
\Gm@cntv=\count194
\c@Gm@tempcnt=\count195
\Gm@bindingoffset=\dimen139
\Gm@wd@mp=\dimen140
\Gm@odd@mp=\dimen141
\Gm@even@mp=\dimen142
\Gm@layoutwidth=\dimen143
\Gm@layoutheight=\dimen144
\Gm@layouthoffset=\dimen145
\Gm@layoutvoffset=\dimen146
\Gm@dimlist=\toks17
)
(/usr/local/texlive/2022/texmf-dist/tex/latex/booktabs/booktabs.sty
Package: booktabs 2020/01/12 v1.61803398 Publication quality tables
\heavyrulewidth=\dimen147
\lightrulewidth=\dimen148
\cmidrulewidth=\dimen149
\belowrulesep=\dimen150
\belowbottomsep=\dimen151
\aboverulesep=\dimen152
\abovetopsep=\dimen153
\cmidrulesep=\dimen154
\cmidrulekern=\dimen155
\defaultaddspace=\dimen156
\@cmidla=\count196
\@cmidlb=\count197
\@aboverulesep=\dimen157
\@belowrulesep=\dimen158
\@thisruleclass=\count198
\@lastruleclass=\count199
\@thisrulewidth=\dimen159
)
(/usr/local/texlive/2022/texmf-dist/tex/latex/float/float.sty
Package: float 2001/11/08 v1.3d Float enhancements (AL)
\c@float@type=\count266
\float@exts=\toks18
\float@box=\box50
\@float@everytoks=\toks19
\@floatcapt=\box51
)
(/usr/local/texlive/2022/texmf-dist/tex/latex/amsmath/amsmath.sty
Package: amsmath 2021/10/15 v2.17l AMS math features
\@mathmargin=\skip49

For additional information on amsmath, use the `?' option.
(/usr/local/texlive/2022/texmf-dist/tex/latex/amsmath/amstext.sty
Package: amstext 2021/08/26 v2.01 AMS text

(/usr/local/texlive/2022/texmf-dist/tex/latex/amsmath/amsgen.sty
File: amsgen.sty 1999/11/30 v2.0 generic functions
\@emptytoks=\toks20
\ex@=\dimen160
))
(/usr/local/texlive/2022/texmf-dist/tex/latex/amsmath/amsbsy.sty
Package: amsbsy 1999/11/29 v1.2d Bold Symbols
\pmbraise@=\dimen161
)
(/usr/local/texlive/2022/texmf-dist/tex/latex/amsmath/amsopn.sty
Package: amsopn 2021/08/26 v2.02 operator names
)
\inf@bad=\count267
LaTeX Info: Redefining \frac on input line 234.
\uproot@=\count268
\leftroot@=\count269
LaTeX Info: Redefining \overline on input line 399.
\classnum@=\count270
\DOTSCASE@=\count271
LaTeX Info: Redefining \ldots on input line 496.
LaTeX Info: Redefining \dots on input line 499.
LaTeX Info: Redefining \cdots on input line 620.
\Mathstrutbox@=\box52
\strutbox@=\box53
\big@size=\dimen162
LaTeX Font Info:    Redeclaring font encoding OML on input line 743.
LaTeX Font Info:    Redeclaring font encoding OMS on input line 744.
\macc@depth=\count272
\c@MaxMatrixCols=\count273
\dotsspace@=\muskip16
\c@parentequation=\count274
\dspbrk@lvl=\count275
\tag@help=\toks21
\row@=\count276
\column@=\count277
\maxfields@=\count278
\andhelp@=\toks22
\eqnshift@=\dimen163
\alignsep@=\dimen164
\tagshift@=\dimen165
\tagwidth@=\dimen166
\totwidth@=\dimen167
\lineht@=\dimen168
\@envbody=\toks23
\multlinegap=\skip50
\multlinetaggap=\skip51
\mathdisplay@stack=\toks24
LaTeX Info: Redefining \[ on input line 2938.
LaTeX Info: Redefining \] on input line 2939.
)
(/usr/local/texlive/2022/texmf-dist/tex/latex/graphics/graphicx.sty
Package: graphicx 2021/09/16 v1.2d Enhanced LaTeX Graphics (DPC,SPQR)

(/usr/local/texlive/2022/texmf-dist/tex/latex/graphics/graphics.sty
Package: graphics 2021/03/04 v1.4d Standard LaTeX Graphics (DPC,SPQR)

(/usr/local/texlive/2022/texmf-dist/tex/latex/graphics/trig.sty
Package: trig 2021/08/11 v1.11 sin cos tan (DPC)
)
(/usr/local/texlive/2022/texmf-dist/tex/latex/graphics-cfg/graphics.cfg
File: graphics.cfg 2016/06/04 v1.11 sample graphics configuration
)
Package graphics Info: Driver file: pdftex.def on input line 107.

(/usr/local/texlive/2022/texmf-dist/tex/latex/graphics-def/pdftex.def
File: pdftex.def 2020/10/05 v1.2a Graphics/color driver for pdftex
))
\Gin@req@height=\dimen169
\Gin@req@width=\dimen170
)
(/usr/local/texlive/2022/texmf-dist/tex/latex/hyperref/hyperref.sty
Package: hyperref 2022-02-21 v7.00n Hypertext links for LaTeX

(/usr/local/texlive/2022/texmf-dist/tex/generic/ltxcmds/ltxcmds.sty
Package: ltxcmds 2020-05-10 v1.25 LaTeX kernel commands for general use (HO)
)
(/usr/local/texlive/2022/texmf-dist/tex/generic/pdftexcmds/pdftexcmds.sty
Package: pdftexcmds 2020-06-27 v0.33 Utility functions of pdfTeX for LuaTeX (HO
)

(/usr/local/texlive/2022/texmf-dist/tex/generic/infwarerr/infwarerr.sty
Package: infwarerr 2019/12/03 v1.5 Providing info/warning/error messages (HO)
)
Package pdftexcmds Info: \pdf@primitive is available.
Package pdftexcmds Info: \pdf@ifprimitive is available.
Package pdftexcmds Info: \pdfdraftmode found.
)
(/usr/local/texlive/2022/texmf-dist/tex/generic/kvsetkeys/kvsetkeys.sty
Package: kvsetkeys 2019/12/15 v1.18 Key value parser (HO)
)
(/usr/local/texlive/2022/texmf-dist/tex/generic/kvdefinekeys/kvdefinekeys.sty
Package: kvdefinekeys 2019-12-19 v1.6 Define keys (HO)
)
(/usr/local/texlive/2022/texmf-dist/tex/generic/pdfescape/pdfescape.sty
Package: pdfescape 2019/12/09 v1.15 Implements pdfTeX's escape features (HO)
)
(/usr/local/texlive/2022/texmf-dist/tex/latex/hycolor/hycolor.sty
Package: hycolor 2020-01-27 v1.10 Color options for hyperref/bookmark (HO)
)
(/usr/local/texlive/2022/texmf-dist/tex/latex/letltxmacro/letltxmacro.sty
Package: letltxmacro 2019/12/03 v1.6 Let assignment for LaTeX macros (HO)
)
(/usr/local/texlive/2022/texmf-dist/tex/latex/auxhook/auxhook.sty
Package: auxhook 2019-12-17 v1.6 Hooks for auxiliary files (HO)
)
(/usr/local/texlive/2022/texmf-dist/tex/latex/kvoptions/kvoptions.sty
Package: kvoptions 2020-10-07 v3.14 Key value format for package options (HO)
)
\@linkdim=\dimen171
\Hy@linkcounter=\count279
\Hy@pagecounter=\count280

(/usr/local/texlive/2022/texmf-dist/tex/latex/hyperref/pd1enc.def
File: pd1enc.def 2022-02-21 v7.00n Hyperref: PDFDocEncoding definition (HO)
Now handling font encoding PD1 ...
... no UTF-8 mapping file for font encoding PD1
)
(/usr/local/texlive/2022/texmf-dist/tex/generic/intcalc/intcalc.sty
Package: intcalc 2019/12/15 v1.3 Expandable calculations with integers (HO)
)
(/usr/local/texlive/2022/texmf-dist/tex/generic/etexcmds/etexcmds.sty
Package: etexcmds 2019/12/15 v1.7 Avoid name clashes with e-TeX commands (HO)
)
\Hy@SavedSpaceFactor=\count281

(/usr/local/texlive/2022/texmf-dist/tex/latex/hyperref/puenc.def
File: puenc.def 2022-02-21 v7.00n Hyperref: PDF Unicode definition (HO)
Now handling font encoding PU ...
... no UTF-8 mapping file for font encoding PU
)
Package hyperref Info: Hyper figures OFF on input line 4137.
Package hyperref Info: Link nesting OFF on input line 4142.
Package hyperref Info: Hyper index ON on input line 4145.
Package hyperref Info: Plain pages OFF on input line 4152.
Package hyperref Info: Backreferencing OFF on input line 4157.
Package hyperref Info: Implicit mode ON; LaTeX internals redefined.
Package hyperref Info: Bookmarks ON on input line 4390.
\c@Hy@tempcnt=\count282

(/usr/local/texlive/2022/texmf-dist/tex/latex/url/url.sty
\Urlmuskip=\muskip17
Package: url 2013/09/16  ver 3.4  Verb mode for urls, etc.
)
LaTeX Info: Redefining \url on input line 4749.
\XeTeXLinkMargin=\dimen172

(/usr/local/texlive/2022/texmf-dist/tex/generic/bitset/bitset.sty
Package: bitset 2019/12/09 v1.3 Handle bit-vector datatype (HO)

(/usr/local/texlive/2022/texmf-dist/tex/generic/bigintcalc/bigintcalc.sty
Package: bigintcalc 2019/12/15 v1.5 Expandable calculations on big integers (HO
)
))
\Fld@menulength=\count283
\Field@Width=\dimen173
\Fld@charsize=\dimen174
Package hyperref Info: Hyper figures OFF on input line 6027.
Package hyperref Info: Link nesting OFF on input line 6032.
Package hyperref Info: Hyper index ON on input line 6035.
Package hyperref Info: backreferencing OFF on input line 6042.
Package hyperref Info: Link coloring OFF on input line 6047.
Package hyperref Info: Link coloring with OCG OFF on input line 6052.
Package hyperref Info: PDF/A mode OFF on input line 6057.
LaTeX Info: Redefining \ref on input line 6097.
LaTeX Info: Redefining \pageref on input line 6101.

(/usr/local/texlive/2022/texmf-dist/tex/latex/base/atbegshi-ltx.sty
Package: atbegshi-ltx 2021/01/10 v1.0c Emulation of the original atbegshi
package with kernel methods
)
\Hy@abspage=\count284
\c@Item=\count285
\c@Hfootnote=\count286
)
Package hyperref Info: Driver (autodetected): hpdftex.

(/usr/local/texlive/2022/texmf-dist/tex/latex/hyperref/hpdftex.def
File: hpdftex.def 2022-02-21 v7.00n Hyperref driver for pdfTeX

(/usr/local/texlive/2022/texmf-dist/tex/latex/base/atveryend-ltx.sty
Package: atveryend-ltx 2020/08/19 v1.0a Emulation of the original atveryend pac
kage
with kernel methods
)
\Fld@listcount=\count287
\c@bookmark@seq@number=\count288

(/usr/local/texlive/2022/texmf-dist/tex/latex/rerunfilecheck/rerunfilecheck.sty
Package: rerunfilecheck 2019/12/05 v1.9 Rerun checks for auxiliary files (HO)

(/usr/local/texlive/2022/texmf-dist/tex/generic/uniquecounter/uniquecounter.sty
Package: uniquecounter 2019/12/15 v1.4 Provide unlimited unique counter (HO)
)
Package uniquecounter Info: New unique counter `rerunfilecheck' on input line 2
86.
)
\Hy@SectionHShift=\skip52
) (/usr/local/texlive/2022/texmf-dist/tex/latex/setspace/setspace.sty
Package: setspace 2011/12/19 v6.7a set line spacing
)
(/usr/local/texlive/2022/texmf-dist/tex/latex/tools/longtable.sty
Package: longtable 2021-09-01 v4.17 Multi-page Table package (DPC)
\LTleft=\skip53
\LTright=\skip54
\LTpre=\skip55
\LTpost=\skip56
\LTchunksize=\count289
\LTcapwidth=\dimen175
\LT@head=\box54
\LT@firsthead=\box55
\LT@foot=\box56
\LT@lastfoot=\box57
\LT@gbox=\box58
\LT@cols=\count290
\LT@rows=\count291
\c@LT@tables=\count292
\c@LT@chunks=\count293
\LT@p@ftn=\toks25
)
(/usr/local/texlive/2022/texmf-dist/tex/latex/tools/array.sty
Package: array 2021/10/04 v2.5f Tabular extension package (FMi)
\col@sep=\dimen176
\ar@mcellbox=\box59
\extrarowheight=\dimen177
\NC@list=\toks26
\extratabsurround=\skip57
\backup@length=\skip58
\ar@cellbox=\box60
)
(/usr/local/texlive/2022/texmf-dist/tex/latex/enumitem/enumitem.sty
Package: enumitem 2019/06/20 v3.9 Customized lists
\labelindent=\skip59
\enit@outerparindent=\dimen178
\enit@toks=\toks27
\enit@inbox=\box61
\enit@count@id=\count294
\enitdp@description=\count295
)
(/usr/local/texlive/2022/texmf-dist/tex/latex/l3backend/l3backend-pdftex.def
File: l3backend-pdftex.def 2022-02-07 L3 backend support: PDF output (pdfTeX)
\l__color_backend_stack_int=\count296
\l__pdf_internal_box=\box62
)
(./paper_draft_coherent.aux)
\openout1 = `paper_draft_coherent.aux'.

LaTeX Font Info:    Checking defaults for OML/cmm/m/it on input line 19.
LaTeX Font Info:    ... okay on input line 19.
LaTeX Font Info:    Checking defaults for OMS/cmsy/m/n on input line 19.
LaTeX Font Info:    ... okay on input line 19.
LaTeX Font Info:    Checking defaults for OT1/cmr/m/n on input line 19.
LaTeX Font Info:    ... okay on input line 19.
LaTeX Font Info:    Checking defaults for T1/cmr/m/n on input line 19.
LaTeX Font Info:    ... okay on input line 19.
LaTeX Font Info:    Checking defaults for TS1/cmr/m/n on input line 19.
LaTeX Font Info:    ... okay on input line 19.
LaTeX Font Info:    Checking defaults for OMX/cmex/m/n on input line 19.
LaTeX Font Info:    ... okay on input line 19.
LaTeX Font Info:    Checking defaults for U/cmr/m/n on input line 19.
LaTeX Font Info:    ... okay on input line 19.
LaTeX Font Info:    Checking defaults for PD1/pdf/m/n on input line 19.
LaTeX Font Info:    ... okay on input line 19.
LaTeX Font Info:    Checking defaults for PU/pdf/m/n on input line 19.
LaTeX Font Info:    ... okay on input line 19.

*geometry* driver: auto-detecting
*geometry* detected driver: pdftex
*geometry* verbose mode - [ preamble ] result:
* driver: pdftex
* paper: <default>
* layout: <same size as paper>
* layoutoffset:(h,v)=(0.0pt,0.0pt)
* modes: 
* h-part:(L,W,R)=(72.26999pt, 469.75502pt, 72.26999pt)
* v-part:(T,H,B)=(72.26999pt, 650.43001pt, 72.26999pt)
* \paperwidth=614.295pt
* \paperheight=794.96999pt
* \textwidth=469.75502pt
* \textheight=650.43001pt
* \oddsidemargin=0.0pt
* \evensidemargin=0.0pt
* \topmargin=-37.0pt
* \headheight=12.0pt
* \headsep=25.0pt
* \topskip=12.0pt
* \footskip=30.0pt
* \marginparwidth=44.0pt
* \marginparsep=10.0pt
* \columnsep=10.0pt
* \skip\footins=10.8pt plus 4.0pt minus 2.0pt
* \hoffset=0.0pt
* \voffset=0.0pt
* \mag=1000
* \@twocolumnfalse
* \@twosidefalse
* \@mparswitchfalse
* \@reversemarginfalse
* (1in=72.27pt=25.4mm, 1cm=28.453pt)

(/usr/local/texlive/2022/texmf-dist/tex/context/base/mkii/supp-pdf.mkii
[Loading MPS to PDF converter (version 2006.09.02).]
\scratchcounter=\count297
\scratchdimen=\dimen179
\scratchbox=\box63
\nofMPsegments=\count298
\nofMParguments=\count299
\everyMPshowfont=\toks28
\MPscratchCnt=\count300
\MPscratchDim=\dimen180
\MPnumerator=\count301
\makeMPintoPDFobject=\count302
\everyMPtoPDFconversion=\toks29
) (/usr/local/texlive/2022/texmf-dist/tex/latex/epstopdf-pkg/epstopdf-base.sty
Package: epstopdf-base 2020-01-24 v2.11 Base part for package epstopdf
Package epstopdf-base Info: Redefining graphics rule for `.eps' on input line 4
85.

(/usr/local/texlive/2022/texmf-dist/tex/latex/latexconfig/epstopdf-sys.cfg
File: epstopdf-sys.cfg 2010/07/13 v1.3 Configuration of (r)epstopdf for TeX Liv
e
))
Package hyperref Info: Link coloring OFF on input line 19.

(/usr/local/texlive/2022/texmf-dist/tex/latex/hyperref/nameref.sty
Package: nameref 2021-04-02 v2.47 Cross-referencing by name of section

(/usr/local/texlive/2022/texmf-dist/tex/latex/refcount/refcount.sty
Package: refcount 2019/12/15 v3.6 Data extraction from label references (HO)
)
(/usr/local/texlive/2022/texmf-dist/tex/generic/gettitlestring/gettitlestring.s
ty
Package: gettitlestring 2019/12/15 v1.6 Cleanup title references (HO)
)
\c@section@level=\count303
)
LaTeX Info: Redefining \ref on input line 19.
LaTeX Info: Redefining \pageref on input line 19.
LaTeX Info: Redefining \nameref on input line 19.
 (./paper_draft_coherent.out) (./paper_draft_coherent.out)
\@outlinefile=\write3
\openout3 = `paper_draft_coherent.out'.

 [1

{/usr/local/texlive/2022/texmf-var/fonts/map/pdftex/updmap/pdftex.map}] [2] [3]
 [4] [5]
<figures/fig8_vulnerability_multivector_annotated.png, id=201, 2007.5pt x 1741.
50626pt>
File: figures/fig8_vulnerability_multivector_annotated.png Graphic file (type p
ng)
<use figures/fig8_vulnerability_multivector_annotated.png>
Package pdftex.def Info: figures/fig8_vulnerability_multivector_annotated.png  
used on input line 142.
(pdftex.def)             Requested size: 441.57086pt x 383.05284pt.

[6]
<figures/fig11_hedging_behavior_annotated.png, id=211, 2007.5pt x 1741.50626pt>

File: figures/fig11_hedging_behavior_annotated.png Graphic file (type png)
<use figures/fig11_hedging_behavior_annotated.png>
Package pdftex.def Info: figures/fig11_hedging_behavior_annotated.png  used on 
input line 152.
(pdftex.def)             Requested size: 441.57086pt x 383.05284pt.
 [7 <./figures/fig8_vulnerability_multivector_annotated.png (PNG copy)>]
[8 <./figures/fig11_hedging_behavior_annotated.png (PNG copy)>]
<figures/fig12_trade_flows_annotated.png, id=223, 2007.5pt x 1741.50626pt>
File: figures/fig12_trade_flows_annotated.png Graphic file (type png)
<use figures/fig12_trade_flows_annotated.png>
Package pdftex.def Info: figures/fig12_trade_flows_annotated.png  used on input
 line 166.
(pdftex.def)             Requested size: 441.57086pt x 383.05284pt.
<figures/fig10_2023_structural_shift_annotated.png, id=224, 2007.5pt x 1741.506
26pt>
File: figures/fig10_2023_structural_shift_annotated.png Graphic file (type png)

<use figures/fig10_2023_structural_shift_annotated.png>
Package pdftex.def Info: figures/fig10_2023_structural_shift_annotated.png  use
d on input line 173.
(pdftex.def)             Requested size: 441.57086pt x 383.05284pt.
 [9 <./figures/fig12_trade_flows_annotated.png (PNG copy)>]
<figures/fig1_export_composition_annotated.png, id=230, 2007.5pt x 1741.50626pt
>
File: figures/fig1_export_composition_annotated.png Graphic file (type png)
<use figures/fig1_export_composition_annotated.png>
Package pdftex.def Info: figures/fig1_export_composition_annotated.png  used on
 input line 183.
(pdftex.def)             Requested size: 441.57086pt x 383.05284pt.
 [10 <./figures/fig10_2023_structural_shift_annotated.png (PNG copy)>]
<figures/fig2_import_composition_annotated.png, id=236, 2007.5pt x 1741.50626pt
>
File: figures/fig2_import_composition_annotated.png Graphic file (type png)
<use figures/fig2_import_composition_annotated.png>
Package pdftex.def Info: figures/fig2_import_composition_annotated.png  used on
 input line 190.
(pdftex.def)             Requested size: 441.57086pt x 383.05284pt.
 [11 <./figures/fig1_export_composition_annotated.png (PNG copy)>]
<figures/fig13_trade_balance_annotated.png, id=242, 2007.5pt x 1741.50626pt>
File: figures/fig13_trade_balance_annotated.png Graphic file (type png)
<use figures/fig13_trade_balance_annotated.png>
Package pdftex.def Info: figures/fig13_trade_balance_annotated.png  used on inp
ut line 200.
(pdftex.def)             Requested size: 441.57086pt x 383.05284pt.
 [12 <./figures/fig2_import_composition_annotated.png (PNG copy)>]
<figures/fig14_deficit_ratio_annotated.png, id=248, 2007.5pt x 1741.50626pt>
File: figures/fig14_deficit_ratio_annotated.png Graphic file (type png)
<use figures/fig14_deficit_ratio_annotated.png>
Package pdftex.def Info: figures/fig14_deficit_ratio_annotated.png  used on inp
ut line 207.
(pdftex.def)             Requested size: 441.57086pt x 383.05284pt.
 [13 <./figures/fig13_trade_balance_annotated.png (PNG copy)>]
<figures/fig9_sectoral_penetration_heatmap_annotated.png, id=255, 2007.5pt x 17
41.50626pt>
File: figures/fig9_sectoral_penetration_heatmap_annotated.png Graphic file (typ
e png)
<use figures/fig9_sectoral_penetration_heatmap_annotated.png>
Package pdftex.def Info: figures/fig9_sectoral_penetration_heatmap_annotated.pn
g  used on input line 217.
(pdftex.def)             Requested size: 441.57086pt x 383.05284pt.
 [14 <./figures/fig14_deficit_ratio_annotated.png (PNG copy)>]
<figures/fig4_china_penetration_annotated.png, id=261, 2007.5pt x 1741.50626pt>

File: figures/fig4_china_penetration_annotated.png Graphic file (type png)
<use figures/fig4_china_penetration_annotated.png>
Package pdftex.def Info: figures/fig4_china_penetration_annotated.png  used on 
input line 224.
(pdftex.def)             Requested size: 441.57086pt x 383.05284pt.
 [15 <./figures/fig9_sectoral_penetration_heatmap_annotated.png (PNG copy)>] [1
6 <./figures/fig4_china_penetration_annotated.png (PNG copy)>] [17] [18]
Overfull \hbox (0.46278pt too wide) in paragraph at lines 291--291
[]\OT1/cmr/bx/n/17.28 Appendix B: Ex-tended Ref-er-ences from Orig-i-nal Pa-
 []


Overfull \hbox (17.86176pt too wide) in paragraph at lines 292--293
\OT1/cmr/m/n/12 The jour-nal draft be-low re-tains the full the-o-ret-i-cal ref
-er-ence ar-chi-tec-ture from \OT1/cmtt/m/n/12 PaperDraft.docx\OT1/cmr/m/n/12 .

 []

[19]
Overfull \hbox (108.11307pt too wide) in paragraph at lines 301--302
\OT1/cmr/m/n/12 gional or-der. Asian Jour-nal of Com-par-a-tive Pol-i-tics, 1(3
), 226{243. https://doi.org/10.1177/2057891116647806 
 []


Overfull \hbox (189.77472pt too wide) in paragraph at lines 303--304
[]\OT1/cmr/m/n/12 Caspian Pol-icy Cen-ter (CPC). (2023). China-Kazakhstan bi-la
t-eral re-la-tions. https://www.caspianpolicy.org/research/security-
 []


Overfull \hbox (3.91737pt too wide) in paragraph at lines 307--308
\OT1/cmr/m/n/12 source ac-cess to struc-tured in-ter-de-pen-dence. https://chin
aglobalsouth.com/analysis/2026-
 []

[20]
Overfull \hbox (52.4141pt too wide) in paragraph at lines 311--312
\OT1/cmr/m/n/12 rent trends in po-lit-i-cal and eco-nomic re-la-tions be-tween 
China and Kaza-khstan. https://gfsis.org/wp-
 []


Overfull \hbox (33.71895pt too wide) in paragraph at lines 311--312
\OT1/cmr/m/n/12 content/uploads/2025/03/Current-Trends-in-Political-and-Economi
c-Relations-Between-China-
 []


Overfull \hbox (112.75423pt too wide) in paragraph at lines 312--313
\OT1/cmr/m/n/12 tia-tive and shift-ing power dy-nam-ics. Dis-cover Global So-ci
-ety. Springer Na-ture. https://doi.org/10.1007/s44282-
 []


Overfull \hbox (141.64421pt too wide) in paragraph at lines 315--316
\OT1/cmr/m/n/12 of pros-per-ity. Asia Pol-icy, 24(1), 110{116. Na-tional Bu-rea
u of Asian Re-search. https://doi.org/10.1353/asp.2017.0028 
 []

[21]
Overfull \hbox (46.90259pt too wide) in paragraph at lines 322--323
\OT1/cmr/m/n/12 tes-ta-tion in Kaza-khstan. Geopol-i-tics, 29(1), 1{28. https:/
/doi.org/10.1080/14650045.2022.2027289 
 []


Overfull \hbox (18.64505pt too wide) in paragraph at lines 329--330
\OT1/cmr/m/n/12 Asia. For-eign Pol-icy Re-search In-sti-tute (FPRI). https://ww
w.fpri.org/article/2024/05/china-
 []


Overfull \hbox (134.0975pt too wide) in paragraph at lines 330--331
\OT1/cmr/m/n/12 global po-lit-i-cal econ-omy. Third World Quar-terly, 37(9), 16
28{1643. https://doi.org/10.1080/01436597.2016.1153415 
 []


Overfull \hbox (18.68343pt too wide) in paragraph at lines 332--333
\OT1/cmr/m/n/12 tions with China. In-ter-na-tional Af-fairs, 97(5), 1337{1354. 
https://doi.org/10.1093/ia/iiab094 
 []


Overfull \hbox (9.60567pt too wide) in paragraph at lines 333--334
\OT1/cmr/m/n/12 Free En-cy-clo-pe-dia. https://en.wikipedia.org/wiki/China%E2%8
0%93Kazakhstan[]relations 
 []

[22] [23] (./paper_draft_coherent.aux)
Package rerunfilecheck Info: File `paper_draft_coherent.out' has not changed.
(rerunfilecheck)             Checksum: C0FF83BCB5BA726303935A9E9F2C8476;8863.
 ) 
Here is how much of TeX's memory you used:
 10191 strings out of 478268
 162257 string characters out of 5846348
 463193 words of memory out of 5000000
 28143 multiletter control sequences out of 15000+600000
 477847 words of font info for 58 fonts, out of 8000000 for 9000
 1141 hyphenation exceptions out of 8191
 60i,8n,63p,1260b,469s stack positions out of 10000i,1000n,20000p,200000b,200000s
{/usr/local/texlive/2022/texmf-dist/fonts/enc/dvips/cm-super/cm-super-ts1.enc
}</usr/local/texlive/2022/texmf-dist/fonts/type1/public/amsfonts/cm/cmbx10.pfb>
</usr/local/texlive/2022/texmf-dist/fonts/type1/public/amsfonts/cm/cmbx12.pfb><
/usr/local/texlive/2022/texmf-dist/fonts/type1/public/amsfonts/cm/cmex10.pfb></
usr/local/texlive/2022/texmf-dist/fonts/type1/public/amsfonts/cm/cmmi12.pfb></u
sr/local/texlive/2022/texmf-dist/fonts/type1/public/amsfonts/cm/cmmi8.pfb></usr
/local/texlive/2022/texmf-dist/fonts/type1/public/amsfonts/cm/cmr10.pfb></usr/l
ocal/texlive/2022/texmf-dist/fonts/type1/public/amsfonts/cm/cmr12.pfb></usr/loc
al/texlive/2022/texmf-dist/fonts/type1/public/amsfonts/cm/cmr17.pfb></usr/local
/texlive/2022/texmf-dist/fonts/type1/public/amsfonts/cm/cmsy10.pfb></usr/local/
texlive/2022/texmf-dist/fonts/type1/public/amsfonts/cm/cmsy8.pfb></usr/local/te
xlive/2022/texmf-dist/fonts/type1/public/amsfonts/cm/cmtt12.pfb></usr/local/tex
live/2022/texmf-dist/fonts/type1/public/cm-super/sfrm1095.pfb></usr/local/texli
ve/2022/texmf-dist/fonts/type1/public/cm-super/sfrm1200.pfb>
Output written on paper_draft_coherent.pdf (23 pages, 1944752 bytes).
PDF statistics:
 431 PDF objects out of 1000 (max. 8388607)
 366 compressed objects within 4 object streams
 127 named destinations out of 1000 (max. 500000)
 363 words of extra memory for PDF output out of 10000 (max. 10000000)

