----------------------------------------------------------------------------------------------------
      name:  <unnamed>
       log:  /Users/akshatsharma/Documents/KazakhIrPapaper/scripts/logs/calculate_tii_tci_with_china
> _world_data.log
  log type:  text
 opened on:  26 Apr 2026, 11:41:00

. 
. di _newline(2) "==============================================================="


===============================================================

. di "  CALCULATE TII + TCI (WITH CHINA WORLD DATA)"
  CALCULATE TII + TCI (WITH CHINA WORLD DATA)

. di "==============================================================="
===============================================================

. di "China CSV: `china_csv'"
China CSV: chinaworldimports/DataJobID-3075788_3075788_chinaWorldImports.csv

. di "Years:     `y0'-`y1'"
Years:     2015-2024

. 
. *--------------------------------------------------------------------------
. * INPUT CHECKS
. *--------------------------------------------------------------------------
. foreach f in sinokaz_summary_master.dta sectoral_trade_clean.dta "`china_csv'" {
  2.     capture confirm file "`f'"
  3.     if _rc != 0 {
  4.         di as error "Missing required file: `f'"
  5.         log close
  6.         exit 601
  7.     }
  8. }
Missing required file: sinokaz_summary_master.dta
      name:  <unnamed>
       log:  /Users/akshatsharma/Documents/KazakhIrPapaper/scripts/logs/calculate_tii_tci_with_china
> _world_data.log
  log type:  text
 closed on:  26 Apr 2026, 11:41:00
----------------------------------------------------------------------------------------------------
