----------------------------------------------------------------------------------------------------
      name:  <unnamed>
       log:  /Users/akshatsharma/Documents/KazakhIrPapaper/logs/sinokaz_sectoral_analysis.log
  log type:  text
 opened on:   2 May 2026, 01:54:57

. 
. /*===========================================================================
>   SECTION 1: IMPORT AND CLEAN WITS DATA
>   ===========================================================================*/
. 
. di _newline(2) "==============================================================="


===============================================================

. di "  SECTION 1: DATA IMPORT AND CLEANING"
  SECTION 1: DATA IMPORT AND CLEANING

. di "==============================================================="
===============================================================

. 
. * Import WITS detailed bilateral trade data
. local wits_file "data/raw/3063878_F1AFE25F-9/DataJobID-3063878_3063878_DetailedBilateralTrade.csv"

. capture confirm file "`wits_file'"

. if _rc != 0 {
.     local wits_file "data/raw/3063878_F1AFE25F-9:DataJobID-3063878_3063878_DetailedBilateralTrade.
> csv"
.     capture confirm file "`wits_file'"
. }

. 
. if _rc != 0 {
.     di as error "WITS source file not found."
.     di as error "Expected either:"
.     di as error "  1) data/raw/3063878_F1AFE25F-9/DataJobID-3063878_3063878_DetailedBilateralTrade
> .csv"
.     di as error "  2) data/raw/3063878_F1AFE25F-9:DataJobID-3063878_3063878_DetailedBilateralTrade
> .csv"
.     exit 601
. }

. 
. di as result "Using WITS file: `wits_file'"
Using WITS file: data/raw/3063878_F1AFE25F-9:DataJobID-3063878_3063878_DetailedBilateralTrade.csv

. import delimited "`wits_file'", ///
>     clear varnames(1) case(preserve)
(encoding automatically selected: ISO-8859-9)
(10 vars, 97,245 obs)

. 
. * Clean variable names
. rename Nomenclature nomen

. rename ReporterISO3 reporter

. rename ProductCode product_code

. rename ReporterName reporter_name

. rename PartnerISO3 partner

. rename PartnerName partner_name

. rename Year year

. rename TradeFlowName flow_name

. rename TradeFlowCode flow_code

. rename TradeValuein1000USD value_usd

. 
. * Keep analysis window only
. keep if inrange(year, 2015, 2024)
(22,452 observations deleted)

. 
. * Convert value to millions USD
. gen value_million = value_usd / 1000

. 
. * Create flow indicator
. gen flow = .
(74,793 missing values generated)

. replace flow = 1 if flow_code == 6
(30,044 real changes made)

. replace flow = -1 if flow_code == 5
(44,749 real changes made)

. 
. * Preserve HS leading zeros before deriving HS2
. capture confirm string variable product_code

. if _rc == 0 {
.     gen str20 product_str = trim(product_code)
. }

. else {
.     gen str20 product_str = trim(string(product_code, "%12.0f"))
.     replace product_str = "0" + product_str if inlist(length(product_str), 1, 3, 5)
(5,093 real changes made)
. }

. 
. gen hs2 = real(substr(product_str, 1, 2))

. drop if missing(hs2)
(0 observations deleted)

. 
. * Create broad sector categories
. gen str30 sector = ""
(74,793 missing values generated)

. replace sector = "Energy"                 if hs2 == 27
(966 real changes made)

. replace sector = "Metals_Minerals"        if inlist(hs2, 26, 71, 72, 73, 74, 75, 76, 78, 79, 80, 8
> 1, 82, 83)
(10,494 real changes made)

. replace sector = "Agriculture"            if hs2 >= 1  & hs2 <= 24
(12,446 real changes made)

. replace sector = "Machinery_Electrical"   if inlist(hs2, 84, 85)
(8,118 real changes made)

. replace sector = "Vehicles"               if hs2 == 87
(976 real changes made)

. replace sector = "Textiles"               if hs2 >= 50 & hs2 <= 63
(9,302 real changes made)

. replace sector = "Chemicals"              if hs2 >= 28 & hs2 <= 38
(10,903 real changes made)

. replace sector = "Plastics_Rubber"        if inlist(hs2, 39, 40)
(3,028 real changes made)

. replace sector = "Wood_Paper"             if hs2 >= 44 & hs2 <= 49
(4,251 real changes made)

. replace sector = "Stone_Ceramics"         if hs2 >= 68 & hs2 <= 70
(3,200 real changes made)

. replace sector = "Other"                  if sector == ""
(11,109 real changes made)

. 
. * Product-level trade balance
. gen trade_balance_mil = value_million * flow

. 
. label variable year "Year"

. label variable partner "Trading Partner"

. label variable value_million "Trade Value (Million USD)"

. label variable sector "Product Sector"

. label variable hs2 "HS 2-digit Code"

. 
. di _newline(2) "=== DATA COVERAGE SUMMARY: CHINA, 2015-2024 ==="


=== DATA COVERAGE SUMMARY: CHINA, 2015-2024 ===

. tabstat value_million if partner == "CHN", by(year) stat(sum n) format(%12.2f)

Summary for variables: value_million
Group variable: year (Year)

    year |          Sum            N
---------+--------------------------
    2015 |     21135.75      1461.00
    2016 |     15754.97      1469.00
    2017 |     20985.85      1434.00
    2018 |     23383.28      1455.00
    2019 |     29584.99      1481.00
    2020 |     17584.07       832.00
    2021 |     18551.85       809.00
    2022 |     28073.54       862.00
    2023 |     63060.90      1566.00
    2024 |     60101.82      1554.00
---------+--------------------------
   Total |    298217.02     12923.00
------------------------------------

. 
. save "sectoral_trade_clean.dta", replace
file sectoral_trade_clean.dta saved

. 
. /*===========================================================================
>   SECTION 2: SECTORAL COMPOSITION ANALYSIS - CHINA ONLY
>   ===========================================================================*/
. 
. di _newline(2) "==============================================================="


===============================================================

. di "  SECTION 2: SECTORAL COMPOSITION WITH CHINA"
  SECTION 2: SECTORAL COMPOSITION WITH CHINA

. di "==============================================================="
===============================================================

. 
. use "sectoral_trade_clean.dta", clear

. keep if partner == "CHN"
(61,870 observations deleted)

. 
. collapse (sum) value_million trade_balance_mil, by(year sector flow_name)

. 
. reshape wide value_million trade_balance_mil, i(year sector) j(flow_name) string
(j = Export Import)

Data                               Long   ->   Wide
-----------------------------------------------------------------------------
Number of observations              208   ->   104         
Number of variables                   5   ->   6           
j variable (2 values)         flow_name   ->   (dropped)
xij variables:
                          value_million   ->   value_millionExport value_millionImport
                      trade_balance_mil   ->   trade_balance_milExport trade_balance_milImport
-----------------------------------------------------------------------------

. 
. capture confirm variable value_millionExport

. if _rc != 0 gen value_millionExport = .

. capture confirm variable value_millionImport

. if _rc != 0 gen value_millionImport = .

. capture confirm variable trade_balance_milExport

. if _rc != 0 gen trade_balance_milExport = .

. capture confirm variable trade_balance_milImport

. if _rc != 0 gen trade_balance_milImport = .

. 
. rename value_millionExport export_value

. rename value_millionImport import_value

. rename trade_balance_milExport export_balance

. rename trade_balance_milImport import_balance

. 
. replace export_value   = 0 if missing(export_value)
(0 real changes made)

. replace import_value   = 0 if missing(import_value)
(0 real changes made)

. replace export_balance = export_value if missing(export_balance)
(0 real changes made)

. replace import_balance = -import_value if missing(import_balance)
(0 real changes made)

. 
. gen net_balance = export_balance + import_balance

. 
. * Recalculate shares cleanly from final values
. bysort year: egen total_exports = total(export_value)

. bysort year: egen total_imports = total(import_value)

. 
. gen export_share = .
(104 missing values generated)

. replace export_share = 100 * export_value / total_exports if total_exports > 0
(104 real changes made)

. 
. gen import_share = .
(104 missing values generated)

. replace import_share = 100 * import_value / total_imports if total_imports > 0
(104 real changes made)

. 
. sort year sector

. save "sectoral_composition_chn.dta", replace
file sectoral_composition_chn.dta saved

. 
. * Table 1: Top sectors by average trade value (2015-2024)
. di _newline(2) "=== TABLE 1: TOP SECTORS BY AVERAGE TRADE VALUE (2015-2024) ==="


=== TABLE 1: TOP SECTORS BY AVERAGE TRADE VALUE (2015-2024) ===

. 
. preserve

. keep if inrange(year, 2015, 2024)
(0 observations deleted)

. collapse (mean) export_value import_value net_balance, by(sector)

. gen total_avg = export_value + import_value

. gsort -total_avg

. gen rank = _n

. 
. local nshow = cond(_N < 10, _N, 10)

. 
. di _newline "Rank | Sector | Avg Exports | Avg Imports | Net Balance | Total"

Rank | Sector | Avg Exports | Avg Imports | Net Balance | Total

. di          "-----|--------|-------------|-------------|-------------|----------"
-----|--------|-------------|-------------|-------------|----------

. forvalues i = 1/`nshow' {
  2.     di %4.0f rank[`i'] " | " %-22s sector[`i'] " | USD " %10.2f export_value[`i'] ///
>        " | USD " %10.2f import_value[`i'] " | USD " %10.2f net_balance[`i'] ///
>        " | USD " %10.2f total_avg[`i']
  3. }
   1 | Metals_Minerals        | USD    7864.72 | USD    1124.10 | USD    6740.62 | USD    8988.81
   2 | Machinery_Electrical   | USD     201.93 | USD    6597.08 | USD   -6395.15 | USD    6799.01
   3 | Energy                 | USD    5711.55 | USD      46.51 | USD    5665.04 | USD    5758.07
   4 | Chemicals              | USD    2014.06 | USD     811.08 | USD    1202.98 | USD    2825.14
   5 | Textiles               | USD      81.49 | USD    1718.62 | USD   -1637.13 | USD    1800.11
   6 | Other                  | USD      61.71 | USD    1652.22 | USD   -1590.51 | USD    1713.93
   7 | Vehicles               | USD       9.39 | USD    1586.63 | USD   -1577.24 | USD    1596.01
   8 | Agriculture            | USD     813.35 | USD     409.28 | USD     404.06 | USD    1222.63
   9 | Plastics_Rubber        | USD      25.20 | USD    1020.44 | USD    -995.24 | USD    1045.64
  10 | Stone_Ceramics         | USD       0.11 | USD     351.39 | USD    -351.28 | USD     351.50

. 
. keep in 1/`nshow'
(1 observation deleted)

. export delimited rank sector export_value import_value net_balance total_avg ///
>     using "tables/table1_top_sectors.csv", replace
file tables/table1_top_sectors.csv saved

. restore

. 
. /*===========================================================================
>   SECTION 3: VISUALIZATION - SECTORAL COMPOSITION OVER TIME
>   ===========================================================================*/
. 
. di _newline(2) "==============================================================="


===============================================================

. di "  SECTION 3: GENERATING SECTORAL COMPOSITION FIGURES"
  SECTION 3: GENERATING SECTORAL COMPOSITION FIGURES

. di "==============================================================="
===============================================================

. 
. use "sectoral_composition_chn.dta", clear

. 
. * Figure 1: Export Composition - true stacked area
. preserve

. keep year sector export_value

. collapse (sum) export_value, by(year sector)

. reshape wide export_value, i(year) j(sector) string
(j = Agriculture Chemicals Energy Machinery_Electrical Metals_Minerals Other Plastics_Rubber Stone_C
> eramics Textiles Vehicles Wood_Paper)

Data                               Long   ->   Wide
-----------------------------------------------------------------------------
Number of observations              104   ->   10          
Number of variables                   3   ->   12          
j variable (11 values)           sector   ->   (dropped)
xij variables:
                           export_value   ->   export_valueAgriculture export_valueChemicals ... exp
> ort_valueWood_Paper
-----------------------------------------------------------------------------

. 
. foreach s in Energy Metals_Minerals Agriculture Chemicals Other {
  2.     capture confirm variable export_value`s'
  3.     if _rc != 0 gen export_value`s' = 0
  4.     replace export_value`s' = 0 if missing(export_value`s')
  5. }
(0 real changes made)
(0 real changes made)
(0 real changes made)
(0 real changes made)
(0 real changes made)

. 
. sort year

. gen exp_c1 = export_valueEnergy

. gen exp_c2 = exp_c1 + export_valueMetals_Minerals

. gen exp_c3 = exp_c2 + export_valueAgriculture

. gen exp_c4 = exp_c3 + export_valueChemicals

. gen exp_c5 = exp_c4 + export_valueOther

. 
. #delimit ;
delimiter now ;
. twoway
>     (area exp_c5 year, sort color(gs14))
>     (area exp_c4 year, sort color(gold))
>     (area exp_c3 year, sort color(forest_green))
>     (area exp_c2 year, sort color(cranberry))
>     (area exp_c1 year, sort color(navy)),
>     xlabel(2015(1)2024, angle(45) labsize(small))
>     ylabel(, format(%9.0fc) labsize(small))
>     ytitle("Export Value (Million USD)", size(small))
>     xtitle("Year", size(small))
>     title("Kazakhstan's Exports to China by Sector", size(medium))
>     subtitle("Composition over time (2015-2024)", size(small))
>     legend(order(5 "Energy" 4 "Metals & Minerals" 3 "Agriculture" 2 "Chemicals" 1 "Other")
>            position(6) rows(2) size(small))
>     note("HS 2-digit aggregation; 2015-2024 only", size(vsmall))
>     scheme(s2color);

. #delimit cr
delimiter now cr
. 
. graph export "figures/fig1_export_composition.png", replace width(2000)
file /Users/akshatsharma/Documents/KazakhIrPapaper/figures/fig1_export_composition.png saved as
    PNG format

. graph export "figures/fig1_export_composition.pdf", replace
file /Users/akshatsharma/Documents/KazakhIrPapaper/figures/fig1_export_composition.pdf saved as
    PDF format

. restore

. 
. * Figure 2: Import Composition - true stacked area
. preserve

. keep year sector import_value

. collapse (sum) import_value, by(year sector)

. reshape wide import_value, i(year) j(sector) string
(j = Agriculture Chemicals Energy Machinery_Electrical Metals_Minerals Other Plastics_Rubber Stone_C
> eramics Textiles Vehicles Wood_Paper)

Data                               Long   ->   Wide
-----------------------------------------------------------------------------
Number of observations              104   ->   10          
Number of variables                   3   ->   12          
j variable (11 values)           sector   ->   (dropped)
xij variables:
                           import_value   ->   import_valueAgriculture import_valueChemicals ... imp
> ort_valueWood_Paper
-----------------------------------------------------------------------------

. 
. foreach s in Machinery_Electrical Vehicles Textiles Chemicals Plastics_Rubber Metals_Minerals Othe
> r {
  2.     capture confirm variable import_value`s'
  3.     if _rc != 0 gen import_value`s' = 0
  4.     replace import_value`s' = 0 if missing(import_value`s')
  5. }
(3 real changes made)
(3 real changes made)
(0 real changes made)
(0 real changes made)
(0 real changes made)
(0 real changes made)
(0 real changes made)

. 
. sort year

. gen imp_c1 = import_valueMachinery_Electrical

. gen imp_c2 = imp_c1 + import_valueVehicles

. gen imp_c3 = imp_c2 + import_valueTextiles

. gen imp_c4 = imp_c3 + import_valueChemicals

. gen imp_c5 = imp_c4 + import_valuePlastics_Rubber

. gen imp_c6 = imp_c5 + import_valueMetals_Minerals

. gen imp_c7 = imp_c6 + import_valueOther

. 
. #delimit ;
delimiter now ;
. twoway
>     (area imp_c7 year, sort color(gs14))
>     (area imp_c6 year, sort color(purple))
>     (area imp_c5 year, sort color(orange))
>     (area imp_c4 year, sort color(gold))
>     (area imp_c3 year, sort color(forest_green))
>     (area imp_c2 year, sort color(cranberry))
>     (area imp_c1 year, sort color(navy)),
>     xlabel(2015(1)2024, angle(45) labsize(small))
>     ylabel(, format(%9.0fc) labsize(small))
>     ytitle("Import Value (Million USD)", size(small))
>     xtitle("Year", size(small))
>     title("Kazakhstan's Imports from China by Sector", size(medium))
>     subtitle("Composition over time (2015-2024)", size(small))
>     legend(order(7 "Machinery & Electrical" 6 "Vehicles" 5 "Textiles" 4 "Chemicals" 3 "Plastics" 2
>  "Metals" 1 "Other")
>            position(6) rows(2) size(small))
>     note("HS 2-digit aggregation; 2015-2024 only", size(vsmall))
>     scheme(s2color);

. #delimit cr
delimiter now cr
. 
. graph export "figures/fig2_import_composition.png", replace width(2000)
file /Users/akshatsharma/Documents/KazakhIrPapaper/figures/fig2_import_composition.png saved as
    PNG format

. graph export "figures/fig2_import_composition.pdf", replace
file /Users/akshatsharma/Documents/KazakhIrPapaper/figures/fig2_import_composition.pdf saved as
    PDF format

. restore

. 
. /*===========================================================================
>   SECTION 4: TRADE BALANCE BY SECTOR
>   ===========================================================================*/
. 
. di _newline(2) "==============================================================="


===============================================================

. di "  SECTION 4: SECTORAL TRADE BALANCE ANALYSIS"
  SECTION 4: SECTORAL TRADE BALANCE ANALYSIS

. di "==============================================================="
===============================================================

. 
. use "sectoral_composition_chn.dta", clear

. 
. preserve

. keep if inlist(sector, "Energy", "Metals_Minerals", "Machinery_Electrical", "Vehicles")
(70 observations deleted)

. 
. #delimit ;
delimiter now ;
. twoway
>     (connected net_balance year if sector == "Energy", lcolor(navy) mcolor(navy) msymbol(O) lwidth
> (medthick))
>     (connected net_balance year if sector == "Metals_Minerals", lcolor(cranberry) mcolor(cranberry
> ) msymbol(S) lwidth(medthick))
>     (connected net_balance year if sector == "Machinery_Electrical", lcolor(forest_green) mcolor(f
> orest_green) msymbol(T) lwidth(medthick))
>     (connected net_balance year if sector == "Vehicles", lcolor(purple) mcolor(purple) msymbol(D) 
> lwidth(medthick)),
>     xlabel(2015(1)2024, angle(45) labsize(small))
>     ylabel(, format(%9.0fc) labsize(small))
>     yline(0, lcolor(black) lpattern(dash) lwidth(thin))
>     ytitle("Net Trade Balance (Million USD)", size(small))
>     xtitle("Year", size(small))
>     title("Kazakhstan-China Trade Balance by Major Sector", size(medium))
>     subtitle("Positive = Surplus, Negative = Deficit", size(small))
>     legend(order(1 "Energy" 2 "Metals & Minerals" 3 "Machinery & Electrical" 4 "Vehicles")
>            position(6) rows(2) size(small))
>     note("2015-2024 only", size(vsmall))
>     scheme(s2color);

. #delimit cr
delimiter now cr
. 
. graph export "figures/fig3_sectoral_balance.png", replace width(2000)
file /Users/akshatsharma/Documents/KazakhIrPapaper/figures/fig3_sectoral_balance.png saved as PNG
    format

. graph export "figures/fig3_sectoral_balance.pdf", replace
file /Users/akshatsharma/Documents/KazakhIrPapaper/figures/fig3_sectoral_balance.pdf saved as PDF
    format

. restore

. 
. * Table 2: Sectoral contributions to 2023 deficit
. di _newline(2) "=== TABLE 2: SECTORAL CONTRIBUTIONS TO 2023 DEFICIT ==="


=== TABLE 2: SECTORAL CONTRIBUTIONS TO 2023 DEFICIT ===

. 
. preserve

. keep if inlist(year, 2022, 2023, 2024)
(73 observations deleted)

. collapse (sum) net_balance, by(year sector)

. reshape wide net_balance, i(sector) j(year)
(j = 2022 2023 2024)

Data                               Long   ->   Wide
-----------------------------------------------------------------------------
Number of observations               31   ->   11          
Number of variables                   3   ->   4           
j variable (3 values)              year   ->   (dropped)
xij variables:
                            net_balance   ->   net_balance2022 net_balance2023 net_balance2024
-----------------------------------------------------------------------------

. 
. capture confirm variable net_balance2022

. if _rc != 0 gen net_balance2022 = 0

. capture confirm variable net_balance2023

. if _rc != 0 gen net_balance2023 = 0

. capture confirm variable net_balance2024

. if _rc != 0 gen net_balance2024 = 0

. 
. gen change_2022_2023 = net_balance2023 - net_balance2022
(2 missing values generated)

. gen change_2023_2024 = net_balance2024 - net_balance2023

. 
. sort change_2022_2023

. local nshow = cond(_N < 5, _N, 5)

. 
. di _newline "Sectors with largest balance deterioration 2022->2023:"

Sectors with largest balance deterioration 2022->2023:

. di "Sector | 2022 Balance | 2023 Balance | Change"
Sector | 2022 Balance | 2023 Balance | Change

. di "-------|--------------|--------------|-------"
-------|--------------|--------------|-------

. forvalues i = 1/`nshow' {
  2.     di %-25s sector[`i'] " | USD " %10.2f net_balance2022[`i'] ///
>        " | USD " %10.2f net_balance2023[`i'] " | USD " %10.2f change_2022_2023[`i']
  3. }
Textiles                  | USD   -2346.35 | USD   -6326.26 | USD   -3979.92
Other                     | USD    -691.16 | USD   -3945.77 | USD   -3254.60
Wood_Paper                | USD    -260.18 | USD    -551.18 | USD    -291.00
Stone_Ceramics            | USD    -360.04 | USD    -477.53 | USD    -117.49
Energy                    | USD   10694.14 | USD   10578.05 | USD    -116.09

. 
. export delimited sector net_balance2022 net_balance2023 net_balance2024 ///
>     change_2022_2023 change_2023_2024 ///
>     using "tables/table2_sectoral_balance_change.csv", replace
file tables/table2_sectoral_balance_change.csv saved

. restore

. 
. /*===========================================================================
>   SECTION 5: CHINA IMPORT PENETRATION
>   ===========================================================================*/
. 
. di _newline(2) "==============================================================="


===============================================================

. di "  SECTION 5: CHINA IMPORT PENETRATION ANALYSIS"
  SECTION 5: CHINA IMPORT PENETRATION ANALYSIS

. di "==============================================================="
===============================================================

. 
. use "sectoral_trade_clean.dta", clear

. keep if flow_code == 5
(30,044 observations deleted)

. 
. * Exclude known aggregates from denominator
. drop if inlist(partner, "EU-UK", "ECS")
(22,824 observations deleted)

. 
. collapse (sum) value_million, by(year sector partner)

. 
. gen chn_import = value_million if partner == "CHN"
(110 missing values generated)

. bysort year sector: egen total_imports = total(value_million)

. bysort year sector: egen chn_imports = total(chn_import)

. replace chn_imports = 0 if missing(chn_imports)
(0 real changes made)

. 
. gen china_penetration = 100 * chn_imports / total_imports if total_imports > 0

. 
. collapse (max) china_penetration total_imports chn_imports, by(year sector)

. 
. preserve

. keep if inlist(sector, "Machinery_Electrical", "Vehicles", "Textiles", "Chemicals", "Plastics_Rubb
> er")
(60 observations deleted)

. 
. #delimit ;
delimiter now ;
. twoway
>     (connected china_penetration year if sector == "Machinery_Electrical", lcolor(navy) mcolor(nav
> y) msymbol(O) lwidth(medthick))
>     (connected china_penetration year if sector == "Vehicles", lcolor(cranberry) mcolor(cranberry)
>  msymbol(S) lwidth(medthick))
>     (connected china_penetration year if sector == "Textiles", lcolor(forest_green) mcolor(forest_
> green) msymbol(T) lwidth(medthick))
>     (connected china_penetration year if sector == "Chemicals", lcolor(purple) mcolor(purple) msym
> bol(D) lwidth(medthick))
>     (connected china_penetration year if sector == "Plastics_Rubber", lcolor(orange) mcolor(orange
> ) msymbol(+) lwidth(medthick)),
>     xlabel(2015(1)2024, angle(45) labsize(small))
>      ylabel(0(10)50, format(%9.0f) labsize(small) grid)
>      yscale(r(0 50))
>     ytitle("China's Share of Total Imports (%)", size(small))
>     xtitle("Year", size(small))
>     title("China's Import Penetration by Sector", size(medium))
>     subtitle("Chinese imports as % of Kazakhstan's sectoral imports", size(small))
>     legend(order(1 "Machinery & Electrical" 2 "Vehicles" 3 "Textiles" 4 "Chemicals" 5 "Plastics & 
> Rubber")
>            position(6) rows(2) size(small))
>     note("Known aggregates excluded from denominator; 2015-2024 only" "Dashed line at 5%; 2020-202
> 2 min ~5% (real COVID trade collapse)", size(vsmall))
>     scheme(s2color);

. #delimit cr
delimiter now cr
. 
. graph export "figures/fig4_china_penetration.png", replace width(2000)
file /Users/akshatsharma/Documents/KazakhIrPapaper/figures/fig4_china_penetration.png saved as PNG
    format

. graph export "figures/fig4_china_penetration.pdf", replace
file /Users/akshatsharma/Documents/KazakhIrPapaper/figures/fig4_china_penetration.pdf saved as PDF
    format

. restore

. 
. di _newline(2) "=== TABLE 3: SECTORS WITH HIGHEST CHINESE IMPORT DEPENDENCY (2023) ==="


=== TABLE 3: SECTORS WITH HIGHEST CHINESE IMPORT DEPENDENCY (2023) ===

. 
. preserve

. keep if year == 2023
(99 observations deleted)

. gsort -china_penetration

. local nshow = cond(_N < 10, _N, 10)

. 
. di "Sector | China Share | Total Imports | China Imports"
Sector | China Share | Total Imports | China Imports

. di "-------|-------------|---------------|--------------"
-------|-------------|---------------|--------------

. forvalues i = 1/`nshow' {
  2.     di %-25s sector[`i'] " | " %6.2f china_penetration[`i'] "% | USD " ///
>        %10.2f total_imports[`i'] " | USD " %10.2f chn_imports[`i']
  3. }
Textiles                  |  89.58% | USD    7197.15 | USD    6446.88
Vehicles                  |  84.40% | USD    5112.70 | USD    4314.98
Machinery_Electrical      |  77.19% | USD   15440.11 | USD   11918.56
Other                     |  57.20% | USD    7012.11 | USD    4010.82
Plastics_Rubber           |  44.96% | USD    3623.53 | USD    1629.10
Stone_Ceramics            |  37.63% | USD    1269.15 | USD     477.55
Chemicals                 |  30.24% | USD    4802.41 | USD    1452.16
Wood_Paper                |  29.14% | USD    1893.87 | USD     551.86
Metals_Minerals           |  21.41% | USD    9941.51 | USD    2128.94
Agriculture               |   8.50% | USD    6727.60 | USD     571.69

. 
. keep in 1/`nshow'
(1 observation deleted)

. export delimited sector china_penetration total_imports chn_imports ///
>     using "tables/table3_china_penetration_2023.csv", replace
file tables/table3_china_penetration_2023.csv saved

. restore

. 
. /*===========================================================================
>   SECTION 6: MULTIVECTOR TRADE ANALYSIS
>   ===========================================================================*/
.   
. * FIGURE 5 DELETED - See audit notes: mixes single countries with bloc, misleading
. * The comparison-set shares are still computed for internal use (fig8) below
. 
. di _newline(2) "==============================================================="


===============================================================

. di "  SECTION 6: MULTIVECTOR TRADE ANALYSIS (fig5 SKIPPED - SEE AUDIT)"
  SECTION 6: MULTIVECTOR TRADE ANALYSIS (fig5 SKIPPED - SEE AUDIT)

. di "==============================================================="
===============================================================

. 
. use "sectoral_trade_clean.dta", clear

. keep if inlist(partner, "CHN", "RUS", "EU-UK")
(23,934 observations deleted)

. 
. collapse (sum) value_million, by(year partner)

. 
. bysort year: egen selected_total = total(value_million)

. gen partner_share = 100 * value_million / selected_total if selected_total > 0

. 
. gen partner_num = 1 if partner == "CHN"
(20 missing values generated)

. replace partner_num = 2 if partner == "RUS"
(10 real changes made)

. replace partner_num = 3 if partner == "EU-UK"
(10 real changes made)

. 
. drop partner

. reshape wide value_million partner_share, i(year) j(partner_num)
(j = 1 2 3)

Data                               Long   ->   Wide
-----------------------------------------------------------------------------
Number of observations               30   ->   10          
Number of variables                   5   ->   8           
j variable (3 values)       partner_num   ->   (dropped)
xij variables:
                          value_million   ->   value_million1 value_million2 value_million3
                          partner_share   ->   partner_share1 partner_share2 partner_share3
-----------------------------------------------------------------------------

. 
. foreach v in partner_share1 partner_share2 partner_share3 {
  2.     capture confirm variable `v'
  3.     if _rc != 0 gen `v' = 0
  4.     replace `v' = 0 if missing(`v')
  5. }
(0 real changes made)
(0 real changes made)
(0 real changes made)

. 
. #delimit ;
delimiter now ;
. * FIGURE 5 DELETED - See audit notes: mixes single countries with bloc, misleading
> * twoway
> *     (connected partner_share1 year, lcolor(navy) mcolor(navy) msymbol(O) lwidth(medthick))
> *     (connected partner_share2 year, lcolor(cranberry) mcolor(cranberry) msymbol(S) lwidth(medthi
> ck))
> *     (connected partner_share3 year, lcolor(forest_green) mcolor(forest_green) msymbol(T) lwidth(
> medthick)),
> *     xlabel(2015(2)2024, angle(45))
> *     ylabel(0(10)100, format(%9.0f))
> *     ytitle("Share among selected partners (%)")
> *     xtitle("Year")
> *     title("Kazakhstan's Multivector Trade Relations")
> *     subtitle("China vs Russia vs EU-UK within selected comparison set")
> *     legend(order(1 "China" 2 "Russia" 3 "EU-UK")
> *            position(6) rows(1))
> *     xline(2015, lcolor(gray) lpattern(dash) lwidth(thin))
> *     xline(2022, lcolor(red) lpattern(dash) lwidth(thin))
> *     note("Comparison-set shares, not world-total shares; 2015-2024 only")
> *     scheme(s2color);
. * #delimit cr
> #delimit cr
> 
> * graph export "figures/fig5_multivector_shares.png", replace width(2000)
> * graph export "figures/fig5_multivector_shares.pdf", replace
> 
> * Save 3-partner diversification data for Figure 8 (still needed)
> export delimited year partner_share1 partner_share2 partner_share3 ///
>     using "tables/table4_multivector_diversification.csv", replace
> 
> * Also calculate and save world-total shares for Figure 5
> use "sectoral_trade_clean.dta", clear
> keep if inrange(year, 2015, 2024)
> 
> collapse (sum) value_million, by(year partner)
> 
> bysort year: egen world_total = total(value_million)
> gen world_share = 100 * value_million / world_total
> 
> keep if partner == "CHN" | partner == "RUS"
> 
> gen partner_num = 1 if partner == "CHN"
> replace partner_num = 2 if partner == "RUS"
> 
> drop partner
> reshape wide value_million world_share, i(year) j(partner_num)
> 
> foreach v in world_share1 world_share2 {
>     capture confirm variable `v'
>     if _rc != 0 gen `v' = 0
>     replace `v' = 0 if missing(`v')
> }
> 
> * table4_multivector_shares.csv - DEPRECATED (was for fig5, now deleted)
> * export delimited year world_share1 world_share2 ///
> *     using "tables/table4_multivector_shares.csv", replace
> 
> /*===========================================================================
>   SECTION 7: EXPORT SPECIALIZATION PROXY
>   ===========================================================================*/
> 
> di _newline(2) "==============================================================="
> di "  SECTION 7: EXPORT SPECIALIZATION PROXY"
> di "==============================================================="
> 
> use "sectoral_trade_clean.dta", clear
> keep if flow_code == 6
> drop if inlist(partner, "EU-UK", "ECS")
> 
> collapse (sum) value_million, by(year sector partner)
> 
> gen chn_export = value_million if partner == "CHN"
> replace chn_export = 0 if missing(chn_export)
> 
> bysort year sector: egen sector_world = total(value_million)
> bysort year sector: egen sector_china = total(chn_export)
> bysort year: egen total_world = total(value_million)
> 
> collapse (max) sector_world sector_china total_world, by(year sector)
> bysort year: egen total_china = total(sector_china)
> 
> gen specialization_index = .
> replace specialization_index = (sector_china / total_china) / (sector_world / total_world) ///
>     if total_china > 0 & sector_world > 0 & total_world > 0
> 
> di _newline(2) "=== TABLE 5: EXPORT SPECIALIZATION BY SECTOR (2022-2024 avg) ==="
> 
> preserve
> keep if inrange(year, 2022, 2024)
> collapse (mean) specialization_index sector_china, by(sector)
> gsort -specialization_index
> 
> local nshow = cond(_N < 10, _N, 10)
> 
> di "Sector | Specialization Index | Avg Exports to CHN"
> di "-------|----------------------|-------------------"
> forvalues i = 1/`nshow' {
>     di %-25s sector[`i'] " | " %8.4f specialization_index[`i'] ///
>        " | USD " %10.2f sector_china[`i']
> }
> 
> keep in 1/`nshow'
> export delimited sector specialization_index sector_china ///
>     using "tables/table5_rca_analysis.csv", replace
> restore
> 
> /*===========================================================================
>   SECTION 8: TRADE CONCENTRATION INDEX (HHI)
>   ===========================================================================*/
> 
> di _newline(2) "==============================================================="
> di "  SECTION 8: TRADE CONCENTRATION ANALYSIS"
> di "==============================================================="
> 
> use "sectoral_trade_clean.dta", clear
> keep if partner == "CHN"
> 
> collapse (sum) value_million, by(year sector flow_code)
> 
> bysort year flow_code: egen total = total(value_million)
> gen share = value_million / total if total > 0
> gen share_sq = share^2
> 
> collapse (sum) share_sq, by(year flow_code)
> 
> reshape wide share_sq, i(year) j(flow_code)
> 
> capture confirm variable share_sq5
> if _rc == 0 {
>     rename share_sq5 share_sq_imp
> } else {
>     gen share_sq_imp = 0
> }
> 
> capture confirm variable share_sq6
> if _rc == 0 {
>     rename share_sq6 share_sq_exp
> } else {
>     gen share_sq_exp = 0
> }
> 
> replace share_sq_imp = 0 if missing(share_sq_imp)
> replace share_sq_exp = 0 if missing(share_sq_exp)
> 
> twoway (connected share_sq_exp year, lcolor(navy) mcolor(navy) msymbol(O) lwidth(medthick)) ///
>        (connected share_sq_imp year, lcolor(cranberry) mcolor(cranberry) msymbol(S) lwidth(medthic
> k)), ///
>        xlabel(2015(2)2024, angle(45)) ///
>        ylabel(0(0.1)0.6, format(%9.2f)) ///
>        ytitle("Herfindahl-Hirschman Index") ///
>        xtitle("Year") ///
>        title("Trade Concentration with China") ///
>        subtitle("Higher values = more concentrated") ///
>        legend(order(1 "Exports" 2 "Imports") position(6) rows(1)) ///
>        note("2015-2024 only") ///
>        scheme(s2color)
> 
> graph export "figures/fig6_concentration_index.png", replace width(2000)
> graph export "figures/fig6_concentration_index.pdf", replace
> 
> gen str10 flow_type = "Exports"
> replace flow_type = "Imports" if share_sq_imp > 0 & share_sq_exp == 0
> gen share_sq_combined = share_sq_exp + share_sq_imp
> export delimited year flow_type share_sq_combined using "tables/table6_concentration_index.csv", r
> eplace
> 
> /*===========================================================================
>   SECTION 9: STRUCTURAL BREAK TESTS
>   ===========================================================================*/
> 
> di _newline(2) "==============================================================="
> di "  SECTION 9: STRUCTURAL BREAK TESTS"
> di "==============================================================="
> 
> use "sectoral_composition_chn.dta", clear
> 
> capture program drop breaktest
> program define breaktest
>     syntax , Sector(string) Label(string)
> 
>     preserve
>     keep if sector == "`sector'"
>     sort year
> 
>     quietly count
>     if r(N) < 6 {
>         di _newline "`label': insufficient observations for break test."
>         restore
>         exit
>     }
> 
>     gen t = year - 2015
> 
>     quietly regress net_balance t
>     scalar rss_r = e(rss)
> 
>     gen post2020 = year >= 2020
>     gen post2023 = year >= 2023
>     gen t_post2020 = t * post2020
>     gen t_post2023 = t * post2023
> 
>     quietly regress net_balance t post2020 t_post2020
>     scalar rss_u_2020 = e(rss)
>     scalar df_u_2020 = e(df_r)
>     scalar q = 2
>     scalar chow_2020 = ((rss_r - rss_u_2020) / q) / (rss_u_2020 / df_u_2020)
>     scalar p_2020 = Ftail(q, df_u_2020, chow_2020)
> 
>     quietly regress net_balance t post2023 t_post2023
>     scalar rss_u_2023 = e(rss)
>     scalar df_u_2023 = e(df_r)
>     scalar chow_2023 = ((rss_r - rss_u_2023) / q) / (rss_u_2023 / df_u_2023)
>     scalar p_2023 = Ftail(q, df_u_2023, chow_2023)
> 
>     di _newline "`label':"
>     di "  Chow F (2020 break): " %6.3f chow_2020 " (p = " %6.4f p_2020 ")"
>     di "  Chow F (2023 break): " %6.3f chow_2023 " (p = " %6.4f p_2023 ")"
> 
>     restore
> end
> 
> di _newline(2) "=== CHOW TESTS FOR STRUCTURAL BREAKS BY SECTOR ==="
> breaktest, sector("Energy") label("ENERGY SECTOR")
> breaktest, sector("Machinery_Electrical") label("MACHINERY & ELECTRICAL SECTOR")
> breaktest, sector("Vehicles") label("VEHICLES SECTOR")
> 
> /*===========================================================================
>   SECTION 10: SUMMARY STATISTICS
>   ===========================================================================*/
> 
> di _newline(2) "==============================================================="
> di "  SECTION 10: SUMMARY STATISTICS"
> di "==============================================================="
> 
> di _newline(2) "=== KEY FINDINGS SUMMARY ==="
> 
> use "sectoral_composition_chn.dta", clear
> 
> preserve
> collapse (sum) export_value import_value net_balance, by(year)
> di _newline "Total Trade with China (Million USD):"
> di "Year | Exports | Imports | Balance"
> di "-----|---------|---------|-------"
> forvalues y = 2015/2024 {
>     quietly sum export_value if year == `y'
>     local exp = r(mean)
>     quietly sum import_value if year == `y'
>     local imp = r(mean)
>     quietly sum net_balance if year == `y'
>     local bal = r(mean)
>     di `y' " | USD " %10.2f `exp' " | USD " %10.2f `imp' " | USD " %10.2f `bal'
> }
> restore
> 
> use "sectoral_trade_clean.dta", clear
> keep if inlist(partner, "CHN", "RUS", "EU-UK")
> collapse (sum) value_million, by(year partner)
> bysort year: egen selected_total = total(value_million)
> gen share = 100 * value_million / selected_total if selected_total > 0
> keep if partner == "CHN"
> 
> di _newline "China's Share among Selected Comparison Partners:"
> forvalues y = 2015(2)2024 {
>     quietly sum share if year == `y'
>     di `y' ": " %5.2f r(mean) "%"
> }
> 
> di _newline "Export Concentration (HHI) by Year:"
> use "sectoral_trade_clean.dta", clear
> keep if partner == "CHN" & flow_code == 6
> collapse (sum) value_million, by(year sector)
> bysort year: egen total = total(value_million)
> gen share = value_million / total if total > 0
> gen share_sq = share^2
> collapse (sum) share_sq, by(year)
> 
> forvalues y = 2015(2)2024 {
>     quietly sum share_sq if year == `y'
>     di `y' ": " %5.3f r(mean)
> }
> 
> /*===========================================================================
>   WRAP UP
>   ===========================================================================*/
> 
> di _newline(3) "==============================================================="
> di "  ANALYSIS COMPLETE"
> di "==============================================================="
> di _newline "Files generated:"
> di "  Data: sectoral_composition_chn.dta, sectoral_trade_clean.dta"
> di "  Figures:"
> di "    - figures/fig1_export_composition.png/pdf"
> di "    - figures/fig2_import_composition.png/pdf"
> di "    - figures/fig3_sectoral_balance.png/pdf"
> di "    - figures/fig4_china_penetration.png/pdf"
> di "    - figures/fig5_multivector_shares.png/pdf  [DELETED - SEE AUDIT]"
> di "    - figures/fig6_concentration_index.png/pdf"
> di "  Tables:"
> di "    - tables/table1_top_sectors.csv"
> di "    - tables/table2_sectoral_balance_change.csv"
> di "    - tables/table3_china_penetration_2023.csv"
> di "    - tables/table4_multivector_shares.csv  [DEPRECATED]"
> di "    - tables/table4_multivector_diversification.csv"
> di "    - tables/table5_rca_analysis.csv"
> di "    - tables/table6_concentration_index.csv"
> di _newline "Log file: sinokaz_sectoral_analysis.log"
> 
> log close

end of do-file

. 
. capture confirm file "sectoral_trade_clean.dta"

. if _rc == 0 {
.     di as result "PASS: sectoral_trade_clean.dta created"
PASS: sectoral_trade_clean.dta created
. }

. else {
.     di as error "FAIL: sectoral_trade_clean.dta not created"
.     global overall_fail = $overall_fail + 1
. }

. 
. capture confirm file "sectoral_composition_chn.dta"

. if _rc == 0 {
.     di as result "PASS: sectoral_composition_chn.dta created"
PASS: sectoral_composition_chn.dta created
. }

. else {
.     di as error "FAIL: sectoral_composition_chn.dta not created"
.     global overall_fail = $overall_fail + 1
. }

. 
. * Check figures 1-6
. local step1_figs "fig1_export_composition.png fig2_import_composition.png fig3_sectoral_balance.pn
> g fig4_china_penetration.png"

. foreach f of local step1_figs {
  2.     capture confirm file "figures/`f'"
  3.     if _rc == 0 {
  4.         di as result "PASS: figures/`f' created"
  5.     }
  6.     else {
  7.         di as error "FAIL: figures/`f' not created"
  8.         global overall_fail = $overall_fail + 1
  9.     }
 10. }
PASS: figures/fig1_export_composition.png created
PASS: figures/fig2_import_composition.png created
PASS: figures/fig3_sectoral_balance.png created
PASS: figures/fig4_china_penetration.png created

. 
. *--------------------------------------------------------------------------
. * STEP 2: MAIN BILATERAL ANALYSIS (IMPROVED)
. * Creates: kaz_china_trade_panel.dta, figures/fig12-14, tables/table8
. * Log: logs/sinokaz_analysis_improved.log
. * Additional: Unit root tests, HAC SEs, diagnostics, bootstrap, CIs
. *--------------------------------------------------------------------------
. 
. di _newline(2) "==============================================================="


===============================================================

. di "  STEP 2: MAIN BILATERAL ANALYSIS (IMPROVED METHODS)"
  STEP 2: MAIN BILATERAL ANALYSIS (IMPROVED METHODS)

. di "==============================================================="
===============================================================

. 
. local strict_step2_validation 1

. capture confirm file "analysis/do/sinokaz_analysis_improved.do"

. if _rc == 0 {
.     di "Running sinokaz_analysis_improved.do..."
Running sinokaz_analysis_improved.do...
.     do analysis/do/sinokaz_analysis_improved.do

. /*===========================================================================
>   COMPATIBILITY WRAPPER
>   Keeps existing RUN_ALL_ANALYSIS.do Step 2 call intact.
>   ===========================================================================*/
. 
. version 17.0

. clear all

. set more off

. 
. local script_dir "`c(pwd)'"

. capture confirm file "analysis/do/RUN_ALL_ANALYSIS.do"

. if _rc == 0 {
.     local project_root "`script_dir'"
. }

. else {
.     local project_root = subinstr("`script_dir'", "/analysis/do", "", .)
.     local project_root = subinstr("`project_root'", "/scripts", "", .)
. }

. cd "`project_root'"
/Users/akshatsharma/Documents/KazakhIrPapaper

. 
. di _newline(2) "==============================================================="


===============================================================

. di "  SINOKAZ ANALYSIS (IMPROVED WRAPPER)"
  SINOKAZ ANALYSIS (IMPROVED WRAPPER)

. di "==============================================================="
===============================================================

. di "Delegating to sinokaz_analysis.do"
Delegating to sinokaz_analysis.do

. 
. do analysis/do/sinokaz_analysis.do

. /*===========================================================================
>   SINO-KAZAKH MAIN BILATERAL ANALYSIS (CORE STEP 2)
>   Rebuilds core Step 2 outputs from the canonical table8 input.
>   Window: 2015-2024 only
>   ===========================================================================*/
. 
. version 17.0

. clear all

. set more off

. 
. local script_dir "`c(pwd)'"

. capture confirm file "analysis/do/RUN_ALL_ANALYSIS.do"

. if _rc == 0 {
.     local project_root "`script_dir'"
. }

. else {
.     local project_root = subinstr("`script_dir'", "/analysis/do", "", .)
.     local project_root = subinstr("`project_root'", "/scripts", "", .)
. }

. cd "`project_root'"
/Users/akshatsharma/Documents/KazakhIrPapaper

. capture mkdir "figures"

. capture mkdir "tables"

. capture mkdir "logs"

. 
. capture log close
