This is pdfTeX, Version 3.141592653-2.6-1.40.24 (TeX Live 2022) (preloaded format=pdflatex 2023.2.1)  16 APR 2026 19:30
entering extended mode
 restricted \write18 enabled.
 %&-line parsing enabled.
**Sino_Kazakh_Trade_Tables.tex
(./Sino_Kazakh_Trade_Tables.tex
LaTeX2e <2021-11-15> patch level 1
L3 programming layer <2022-02-24>
(/usr/local/texlive/2022/texmf-dist/tex/latex/base/article.cls
Document Class: article 2021/10/04 v1.4n Standard LaTeX document class
(/usr/local/texlive/2022/texmf-dist/tex/latex/base/size12.clo
File: size12.clo 2021/10/04 v1.4n Standard LaTeX file (size option)
)
\c@part=\count185
\c@section=\count186
\c@subsection=\count187
\c@subsubsection=\count188
\c@paragraph=\count189
\c@subparagraph=\count190
\c@figure=\count191
\c@table=\count192
\abovecaptionskip=\skip47
\belowcaptionskip=\skip48
\bibindent=\dimen138
)
(/usr/local/texlive/2022/texmf-dist/tex/latex/geometry/geometry.sty
Package: geometry 2020/01/02 v5.9 Page Geometry

(/usr/local/texlive/2022/texmf-dist/tex/latex/graphics/keyval.sty
Package: keyval 2014/10/28 v1.15 key=value parser (DPC)
\KV@toks@=\toks16
)
(/usr/local/texlive/2022/texmf-dist/tex/generic/iftex/ifvtex.sty
Package: ifvtex 2019/10/25 v1.7 ifvtex legacy package. Use iftex instead.

(/usr/local/texlive/2022/texmf-dist/tex/generic/iftex/iftex.sty
Package: iftex 2022/02/03 v1.0f TeX engine tests
))
\Gm@cnth=\count193
\Gm@cntv=\count194
\c@Gm@tempcnt=\count195
\Gm@bindingoffset=\dimen139
\Gm@wd@mp=\dimen140
\Gm@odd@mp=\dimen141
\Gm@even@mp=\dimen142
\Gm@layoutwidth=\dimen143
\Gm@layoutheight=\dimen144
\Gm@layouthoffset=\dimen145
\Gm@layoutvoffset=\dimen146
\Gm@dimlist=\toks17
)
(/usr/local/texlive/2022/texmf-dist/tex/latex/booktabs/booktabs.sty
Package: booktabs 2020/01/12 v1.61803398 Publication quality tables
\heavyrulewidth=\dimen147
\lightrulewidth=\dimen148
\cmidrulewidth=\dimen149
\belowrulesep=\dimen150
\belowbottomsep=\dimen151
\aboverulesep=\dimen152
\abovetopsep=\dimen153
\cmidrulesep=\dimen154
\cmidrulekern=\dimen155
\defaultaddspace=\dimen156
\@cmidla=\count196
\@cmidlb=\count197
\@aboverulesep=\dimen157
\@belowrulesep=\dimen158
\@thisruleclass=\count198
\@lastruleclass=\count199
\@thisrulewidth=\dimen159
)
(/usr/local/texlive/2022/texmf-dist/tex/latex/float/float.sty
Package: float 2001/11/08 v1.3d Float enhancements (AL)
\c@float@type=\count266
\float@exts=\toks18
\float@box=\box50
\@float@everytoks=\toks19
\@floatcapt=\box51
)
(/usr/local/texlive/2022/texmf-dist/tex/latex/amsmath/amsmath.sty
Package: amsmath 2021/10/15 v2.17l AMS math features
\@mathmargin=\skip49

For additional information on amsmath, use the `?' option.
(/usr/local/texlive/2022/texmf-dist/tex/latex/amsmath/amstext.sty
Package: amstext 2021/08/26 v2.01 AMS text

(/usr/local/texlive/2022/texmf-dist/tex/latex/amsmath/amsgen.sty
File: amsgen.sty 1999/11/30 v2.0 generic functions
\@emptytoks=\toks20
\ex@=\dimen160
))
(/usr/local/texlive/2022/texmf-dist/tex/latex/amsmath/amsbsy.sty
Package: amsbsy 1999/11/29 v1.2d Bold Symbols
\pmbraise@=\dimen161
)
(/usr/local/texlive/2022/texmf-dist/tex/latex/amsmath/amsopn.sty
Package: amsopn 2021/08/26 v2.02 operator names
)
\inf@bad=\count267
LaTeX Info: Redefining \frac on input line 234.
\uproot@=\count268
\leftroot@=\count269
LaTeX Info: Redefining \overline on input line 399.
\classnum@=\count270
\DOTSCASE@=\count271
LaTeX Info: Redefining \ldots on input line 496.
LaTeX Info: Redefining \dots on input line 499.
LaTeX Info: Redefining \cdots on input line 620.
\Mathstrutbox@=\box52
\strutbox@=\box53
\big@size=\dimen162
LaTeX Font Info:    Redeclaring font encoding OML on input line 743.
LaTeX Font Info:    Redeclaring font encoding OMS on input line 744.
\macc@depth=\count272
\c@MaxMatrixCols=\count273
\dotsspace@=\muskip16
\c@parentequation=\count274
\dspbrk@lvl=\count275
\tag@help=\toks21
\row@=\count276
\column@=\count277
\maxfields@=\count278
\andhelp@=\toks22
\eqnshift@=\dimen163
\alignsep@=\dimen164
\tagshift@=\dimen165
\tagwidth@=\dimen166
\totwidth@=\dimen167
\lineht@=\dimen168
\@envbody=\toks23
\multlinegap=\skip50
\multlinetaggap=\skip51
\mathdisplay@stack=\toks24
LaTeX Info: Redefining \[ on input line 2938.
LaTeX Info: Redefining \] on input line 2939.
)
(/usr/local/texlive/2022/texmf-dist/tex/latex/graphics/graphicx.sty
Package: graphicx 2021/09/16 v1.2d Enhanced LaTeX Graphics (DPC,SPQR)

(/usr/local/texlive/2022/texmf-dist/tex/latex/graphics/graphics.sty
Package: graphics 2021/03/04 v1.4d Standard LaTeX Graphics (DPC,SPQR)

(/usr/local/texlive/2022/texmf-dist/tex/latex/graphics/trig.sty
Package: trig 2021/08/11 v1.11 sin cos tan (DPC)
)
(/usr/local/texlive/2022/texmf-dist/tex/latex/graphics-cfg/graphics.cfg
File: graphics.cfg 2016/06/04 v1.11 sample graphics configuration
)
Package graphics Info: Driver file: pdftex.def on input line 107.

(/usr/local/texlive/2022/texmf-dist/tex/latex/graphics-def/pdftex.def
File: pdftex.def 2020/10/05 v1.2a Graphics/color driver for pdftex
))
\Gin@req@height=\dimen169
\Gin@req@width=\dimen170
)
(/usr/local/texlive/2022/texmf-dist/tex/latex/caption/subcaption.sty
Package: subcaption 2022/01/07 v1.5 Sub-captions (AR)

(/usr/local/texlive/2022/texmf-dist/tex/latex/caption/caption.sty
Package: caption 2022/03/01 v3.6b Customizing captions (AR)

(/usr/local/texlive/2022/texmf-dist/tex/latex/caption/caption3.sty
Package: caption3 2022/03/17 v2.3b caption3 kernel (AR)
\caption@tempdima=\dimen171
\captionmargin=\dimen172
\caption@leftmargin=\dimen173
\caption@rightmargin=\dimen174
\caption@width=\dimen175
\caption@indent=\dimen176
\caption@parindent=\dimen177
\caption@hangindent=\dimen178
Package caption Info: Standard document class detected.
)
\c@caption@flags=\count279
\c@continuedfloat=\count280
Package caption Info: float package is loaded.
)
\c@subfigure=\count281
\c@subtable=\count282
)
(/usr/local/texlive/2022/texmf-dist/tex/latex/l3backend/l3backend-pdftex.def
File: l3backend-pdftex.def 2022-02-07 L3 backend support: PDF output (pdfTeX)
\l__color_backend_stack_int=\count283
\l__pdf_internal_box=\box54
)
(./Sino_Kazakh_Trade_Tables.aux)
\openout1 = `Sino_Kazakh_Trade_Tables.aux'.

LaTeX Font Info:    Checking defaults for OML/cmm/m/it on input line 13.
LaTeX Font Info:    ... okay on input line 13.
LaTeX Font Info:    Checking defaults for OMS/cmsy/m/n on input line 13.
LaTeX Font Info:    ... okay on input line 13.
LaTeX Font Info:    Checking defaults for OT1/cmr/m/n on input line 13.
LaTeX Font Info:    ... okay on input line 13.
LaTeX Font Info:    Checking defaults for T1/cmr/m/n on input line 13.
LaTeX Font Info:    ... okay on input line 13.
LaTeX Font Info:    Checking defaults for TS1/cmr/m/n on input line 13.
LaTeX Font Info:    ... okay on input line 13.
LaTeX Font Info:    Checking defaults for OMX/cmex/m/n on input line 13.
LaTeX Font Info:    ... okay on input line 13.
LaTeX Font Info:    Checking defaults for U/cmr/m/n on input line 13.
LaTeX Font Info:    ... okay on input line 13.

*geometry* driver: auto-detecting
*geometry* detected driver: pdftex
*geometry* verbose mode - [ preamble ] result:
* driver: pdftex
* paper: <default>
* layout: <same size as paper>
* layoutoffset:(h,v)=(0.0pt,0.0pt)
* modes: 
* h-part:(L,W,R)=(72.26999pt, 469.75502pt, 72.26999pt)
* v-part:(T,H,B)=(72.26999pt, 650.43001pt, 72.26999pt)
* \paperwidth=614.295pt
* \paperheight=794.96999pt
* \textwidth=469.75502pt
* \textheight=650.43001pt
* \oddsidemargin=0.0pt
* \evensidemargin=0.0pt
* \topmargin=-37.0pt
* \headheight=12.0pt
* \headsep=25.0pt
* \topskip=12.0pt
* \footskip=30.0pt
* \marginparwidth=44.0pt
* \marginparsep=10.0pt
* \columnsep=10.0pt
* \skip\footins=10.8pt plus 4.0pt minus 2.0pt
* \hoffset=0.0pt
* \voffset=0.0pt
* \mag=1000
* \@twocolumnfalse
* \@twosidefalse
* \@mparswitchfalse
* \@reversemarginfalse
* (1in=72.27pt=25.4mm, 1cm=28.453pt)

(/usr/local/texlive/2022/texmf-dist/tex/context/base/mkii/supp-pdf.mkii
[Loading MPS to PDF converter (version 2006.09.02).]
\scratchcounter=\count284
\scratchdimen=\dimen179
\scratchbox=\box55
\nofMPsegments=\count285
\nofMParguments=\count286
\everyMPshowfont=\toks25
\MPscratchCnt=\count287
\MPscratchDim=\dimen180
\MPnumerator=\count288
\makeMPintoPDFobject=\count289
\everyMPtoPDFconversion=\toks26
) (/usr/local/texlive/2022/texmf-dist/tex/latex/epstopdf-pkg/epstopdf-base.sty
Package: epstopdf-base 2020-01-24 v2.11 Base part for package epstopdf
Package epstopdf-base Info: Redefining graphics rule for `.eps' on input line 4
85.

(/usr/local/texlive/2022/texmf-dist/tex/latex/latexconfig/epstopdf-sys.cfg
File: epstopdf-sys.cfg 2010/07/13 v1.3 Configuration of (r)epstopdf for TeX Liv
e
))
Package caption Info: Begin \AtBeginDocument code.
Package caption Info: End \AtBeginDocument code.

[1

{/usr/local/texlive/2022/texmf-var/fonts/map/pdftex/updmap/pdftex.map}]
<../figures/fig1_export_composition_annotated.png, id=9, 2007.5pt x 1741.50626p
t>
File: ../figures/fig1_export_composition_annotated.png Graphic file (type png)
<use ../figures/fig1_export_composition_annotated.png>
Package pdftex.def Info: ../figures/fig1_export_composition_annotated.png  used
 on input line 33.
(pdftex.def)             Requested size: 446.26582pt x 387.11855pt.
<../figures/fig2_import_composition_annotated.png, id=10, 2007.5pt x 1741.50626
pt>
File: ../figures/fig2_import_composition_annotated.png Graphic file (type png)
<use ../figures/fig2_import_composition_annotated.png>
Package pdftex.def Info: ../figures/fig2_import_composition_annotated.png  used
 on input line 39.
(pdftex.def)             Requested size: 446.26582pt x 387.11855pt.

[2

 <../figures/fig1_export_composition_annotated.png (PNG copy)>]
<../figures/fig3_sectoral_balance_annotated.png, id=14, 2007.5pt x 1741.50626pt
>
File: ../figures/fig3_sectoral_balance_annotated.png Graphic file (type png)
<use ../figures/fig3_sectoral_balance_annotated.png>
Package pdftex.def Info: ../figures/fig3_sectoral_balance_annotated.png  used o
n input line 45.
(pdftex.def)             Requested size: 446.26582pt x 387.11855pt.
 [3 <../figures/fig2_import_composition_annotated.png (PNG copy)>]
<../figures/fig4_china_penetration_annotated.png, id=18, 2007.5pt x 1741.50626p
t>
File: ../figures/fig4_china_penetration_annotated.png Graphic file (type png)
<use ../figures/fig4_china_penetration_annotated.png>
Package pdftex.def Info: ../figures/fig4_china_penetration_annotated.png  used 
on input line 51.
(pdftex.def)             Requested size: 446.26582pt x 387.11855pt.
 [4 <../figures/fig3_sectoral_balance_annotated.png (PNG copy)>]
<../figures/fig6_concentration_index_annotated.png, id=22, 2007.5pt x 1741.5062
6pt>
File: ../figures/fig6_concentration_index_annotated.png Graphic file (type png)

<use ../figures/fig6_concentration_index_annotated.png>
Package pdftex.def Info: ../figures/fig6_concentration_index_annotated.png  use
d on input line 59.
(pdftex.def)             Requested size: 446.26582pt x 387.11855pt.
 [5 <../figures/fig4_china_penetration_annotated.png (PNG copy)>]
<../figures/fig7_asymmetry_index_annotated.png, id=26, 2007.5pt x 1741.50626pt>

File: ../figures/fig7_asymmetry_index_annotated.png Graphic file (type png)
<use ../figures/fig7_asymmetry_index_annotated.png>
Package pdftex.def Info: ../figures/fig7_asymmetry_index_annotated.png  used on
 input line 65.
(pdftex.def)             Requested size: 446.26582pt x 387.11855pt.
 [6 <../figures/fig6_concentration_index_annotated.png (PNG copy)>]
<../figures/fig8_vulnerability_multivector_annotated.png, id=30, 2007.5pt x 174
1.50626pt>
File: ../figures/fig8_vulnerability_multivector_annotated.png Graphic file (typ
e png)
<use ../figures/fig8_vulnerability_multivector_annotated.png>
Package pdftex.def Info: ../figures/fig8_vulnerability_multivector_annotated.pn
g  used on input line 71.
(pdftex.def)             Requested size: 446.26582pt x 387.11855pt.
 [7 <../figures/fig7_asymmetry_index_annotated.png (PNG copy)>]
<../figures/fig9_sectoral_penetration_heatmap_annotated.png, id=35, 2007.5pt x 
1741.50626pt>
File: ../figures/fig9_sectoral_penetration_heatmap_annotated.png Graphic file (
type png)
<use ../figures/fig9_sectoral_penetration_heatmap_annotated.png>
Package pdftex.def Info: ../figures/fig9_sectoral_penetration_heatmap_annotated
.png  used on input line 77.
(pdftex.def)             Requested size: 446.26582pt x 387.11855pt.

[8 <../figures/fig8_vulnerability_multivector_annotated.png (PNG copy)>]
<../figures/fig10_2023_structural_shift_annotated.png, id=39, 2007.5pt x 1741.5
0626pt>
File: ../figures/fig10_2023_structural_shift_annotated.png Graphic file (type p
ng)
<use ../figures/fig10_2023_structural_shift_annotated.png>
Package pdftex.def Info: ../figures/fig10_2023_structural_shift_annotated.png  
used on input line 85.
(pdftex.def)             Requested size: 446.26582pt x 387.11855pt.

[9 <../figures/fig9_sectoral_penetration_heatmap_annotated.png (PNG copy)>]
<../figures/fig11_hedging_behavior_annotated.png, id=43, 2007.5pt x 1741.50626p
t>
File: ../figures/fig11_hedging_behavior_annotated.png Graphic file (type png)
<use ../figures/fig11_hedging_behavior_annotated.png>
Package pdftex.def Info: ../figures/fig11_hedging_behavior_annotated.png  used 
on input line 91.
(pdftex.def)             Requested size: 446.26582pt x 387.11855pt.

[10 <../figures/fig10_2023_structural_shift_annotated.png (PNG copy)>]
<../figures/fig12_trade_flows_annotated.png, id=47, 2007.5pt x 1741.50626pt>
File: ../figures/fig12_trade_flows_annotated.png Graphic file (type png)
<use ../figures/fig12_trade_flows_annotated.png>
Package pdftex.def Info: ../figures/fig12_trade_flows_annotated.png  used on in
put line 99.
(pdftex.def)             Requested size: 446.26582pt x 387.11855pt.
 [11 <../figures/fig11_hedging_behavior_annotated.png (PNG copy)>]
<../figures/fig13_trade_balance_annotated.png, id=51, 2007.5pt x 1741.50626pt>
File: ../figures/fig13_trade_balance_annotated.png Graphic file (type png)
<use ../figures/fig13_trade_balance_annotated.png>
Package pdftex.def Info: ../figures/fig13_trade_balance_annotated.png  used on 
input line 105.
(pdftex.def)             Requested size: 446.26582pt x 387.11855pt.
 [12 <../figures/fig12_trade_flows_annotated.png (PNG copy)>]
<../figures/fig14_deficit_ratio_annotated.png, id=55, 2007.5pt x 1741.50626pt>
File: ../figures/fig14_deficit_ratio_annotated.png Graphic file (type png)
<use ../figures/fig14_deficit_ratio_annotated.png>
Package pdftex.def Info: ../figures/fig14_deficit_ratio_annotated.png  used on 
input line 111.
(pdftex.def)             Requested size: 446.26582pt x 387.11855pt.
 [13 <../figures/fig13_trade_balance_annotated.png (PNG copy)>] [14 <../figures
/fig14_deficit_ratio_annotated.png (PNG copy)>]

LaTeX Warning: Reference `tab:annual_trends' on page 15 undefined on input line
 119.


LaTeX Warning: Reference `tab:sectoral_composition' on page 15 undefined on inp
ut line 155.

[15

]

LaTeX Warning: Reference `tab:penetration' on page 16 undefined on input line 1
96.

[16]

LaTeX Warning: Reference `tab:summary' on page 17 undefined on input line 229.

[17] [18] [19] (./Sino_Kazakh_Trade_Tables.aux)

LaTeX Warning: There were undefined references.


LaTeX Warning: Label(s) may have changed. Rerun to get cross-references right.

 ) 
Here is how much of TeX's memory you used:
 4231 strings out of 478268
 74560 string characters out of 5846348
 377593 words of memory out of 5000000
 22411 multiletter control sequences out of 15000+600000
 478207 words of font info for 58 fonts, out of 8000000 for 9000
 1141 hyphenation exceptions out of 8191
 67i,9n,77p,545b,354s stack positions out of 10000i,1000n,20000p,200000b,200000s
{/usr/local/texlive/2022/texmf-dist/fonts/enc/dvips/cm-super/cm-super-ts1.enc
}</usr/local/texlive/2022/texmf-dist/fonts/type1/public/amsfonts/cm/cmbx10.pfb>
</usr/local/texlive/2022/texmf-dist/fonts/type1/public/amsfonts/cm/cmbx12.pfb><
/usr/local/texlive/2022/texmf-dist/fonts/type1/public/amsfonts/cm/cmr10.pfb></u
sr/local/texlive/2022/texmf-dist/fonts/type1/public/amsfonts/cm/cmr12.pfb></usr
/local/texlive/2022/texmf-dist/fonts/type1/public/amsfonts/cm/cmr17.pfb></usr/l
ocal/texlive/2022/texmf-dist/fonts/type1/public/amsfonts/cm/cmti10.pfb></usr/lo
cal/texlive/2022/texmf-dist/fonts/type1/public/cm-super/sfbx1200.pfb></usr/loca
l/texlive/2022/texmf-dist/fonts/type1/public/cm-super/sfrm1000.pfb></usr/local/
texlive/2022/texmf-dist/fonts/type1/public/cm-super/sfrm1095.pfb></usr/local/te
xlive/2022/texmf-dist/fonts/type1/public/cm-super/sfrm1200.pfb>
Output written on Sino_Kazakh_Trade_Tables.pdf (19 pages, 2382415 bytes).
PDF statistics:
 130 PDF objects out of 1000 (max. 8388607)
 75 compressed objects within 1 object stream
 0 named destinations out of 1000 (max. 500000)
 66 words of extra memory for PDF output out of 10000 (max. 10000000)

